# JRE version: OpenJDK Runtime Environment (11.0.10) (build 11.0.10+0-b96-7249189)
# Java VM: OpenJDK 64-Bit Server VM (11.0.10+0-b96-7249189, mixed mode, tiered, compressed oops, g1 gc, windows-amd64)
Heap:
 garbage-first heap   total 155648K, used 119621K [0x0000000080000000, 0x0000000100000000)
  region size 1024K, 18 young (18432K), 4 survivors (4096K)
 Metaspace       used 151284K, capacity 154975K, committed 155136K, reserved 1183744K
  class space    used 19806K, capacity 21150K, committed 21248K, reserved 1048576K
GC Heap History (20 events):
Event: 550.918 GC heap before
{Heap before GC invocations=70 (full 0):
 garbage-first heap   total 155648K, used 102071K [0x0000000080000000, 0x0000000100000000)
  region size 1024K, 7 young (7168K), 4 survivors (4096K)
 Metaspace       used 131601K, capacity 135029K, committed 135168K, reserved 1165312K
  class space    used 17078K, capacity 18325K, committed 18432K, reserved 1048576K
}
Event: 550.927 GC heap after
{Heap after GC invocations=71 (full 0):
 garbage-first heap   total 155648K, used 99278K [0x0000000080000000, 0x0000000100000000)
  region size 1024K, 1 young (1024K), 1 survivors (1024K)
 Metaspace       used 131601K, capacity 135029K, committed 135168K, reserved 1165312K
  class space    used 17078K, capacity 18325K, committed 18432K, reserved 1048576K
}
Event: 552.126 GC heap before
{Heap before GC invocations=71 (full 0):
 garbage-first heap   total 155648K, used 128974K [0x0000000080000000, 0x0000000100000000)
  region size 1024K, 31 young (31744K), 1 survivors (1024K)
 Metaspace       used 136811K, capacity 140295K, committed 140416K, reserved 1171456K
  class space    used 17698K, capacity 18951K, committed 19072K, reserved 1048576K
}
Event: 552.133 GC heap after
{Heap after GC invocations=72 (full 0):
 garbage-first heap   total 155648K, used 99917K [0x0000000080000000, 0x0000000100000000)
  region size 1024K, 2 young (2048K), 2 survivors (2048K)
 Metaspace       used 136811K, capacity 140295K, committed 140416K, reserved 1171456K
  class space    used 17698K, capacity 18951K, committed 19072K, reserved 1048576K
}
Event: 552.858 GC heap before
{Heap before GC invocations=73 (full 0):
 garbage-first heap   total 155648K, used 129613K [0x0000000080000000, 0x0000000100000000)
  region size 1024K, 32 young (32768K), 2 survivors (2048K)
 Metaspace       used 139243K, capacity 142695K, committed 142976K, reserved 1173504K
  class space    used 18009K, capacity 19282K, committed 19328K, reserved 1048576K
}
Event: 552.867 GC heap after
{Heap after GC invocations=74 (full 0):
 garbage-first heap   total 155648K, used 102861K [0x0000000080000000, 0x0000000100000000)
  region size 1024K, 4 young (4096K), 4 survivors (4096K)
 Metaspace       used 139243K, capacity 142695K, committed 142976K, reserved 1173504K
  class space    used 18009K, capacity 19282K, committed 19328K, reserved 1048576K
}
Event: 552.936 GC heap before
{Heap before GC invocations=74 (full 0):
 garbage-first heap   total 155648K, used 105933K [0x0000000080000000, 0x0000000100000000)
  region size 1024K, 7 young (7168K), 4 survivors (4096K)
 Metaspace       used 139538K, capacity 142983K, committed 143232K, reserved 1173504K
  class space    used 18044K, capacity 19314K, committed 19328K, reserved 1048576K
}
Event: 552.989 GC heap after
{Heap after GC invocations=75 (full 0):
 garbage-first heap   total 155648K, used 99133K [0x0000000080000000, 0x0000000100000000)
  region size 1024K, 1 young (1024K), 1 survivors (1024K)
 Metaspace       used 139538K, capacity 142983K, committed 143232K, reserved 1173504K
  class space    used 18044K, capacity 19314K, committed 19328K, reserved 1048576K
}
Event: 553.187 GC heap before
{Heap before GC invocations=75 (full 0):
 garbage-first heap   total 155648K, used 105277K [0x0000000080000000, 0x0000000100000000)
  region size 1024K, 9 young (9216K), 1 survivors (1024K)
 Metaspace       used 140461K, capacity 143911K, committed 144128K, reserved 1173504K
  class space    used 18178K, capacity 19452K, committed 19456K, reserved 1048576K
}
Event: 553.204 GC heap after
{Heap after GC invocations=76 (full 0):
 garbage-first heap   total 155648K, used 99486K [0x0000000080000000, 0x0000000100000000)
  region size 1024K, 2 young (2048K), 2 survivors (2048K)
 Metaspace       used 140461K, capacity 143911K, committed 144128K, reserved 1173504K
  class space    used 18178K, capacity 19452K, committed 19456K, reserved 1048576K
}
Event: 554.296 GC heap before
{Heap before GC invocations=77 (full 0):
 garbage-first heap   total 155648K, used 128158K [0x0000000080000000, 0x0000000100000000)
  region size 1024K, 29 young (29696K), 2 survivors (2048K)
 Metaspace       used 142201K, capacity 145774K, committed 146048K, reserved 1175552K
  class space    used 18426K, capacity 19752K, committed 19840K, reserved 1048576K
}
Event: 554.305 GC heap after
{Heap after GC invocations=78 (full 0):
 garbage-first heap   total 155648K, used 101943K [0x0000000080000000, 0x0000000100000000)
  region size 1024K, 4 young (4096K), 4 survivors (4096K)
 Metaspace       used 142201K, capacity 145774K, committed 146048K, reserved 1175552K
  class space    used 18426K, capacity 19752K, committed 19840K, reserved 1048576K
}
Event: 554.392 GC heap before
{Heap before GC invocations=78 (full 0):
 garbage-first heap   total 155648K, used 105015K [0x0000000080000000, 0x0000000100000000)
  region size 1024K, 7 young (7168K), 4 survivors (4096K)
 Metaspace       used 142558K, capacity 146126K, committed 146304K, reserved 1175552K
  class space    used 18482K, capacity 19784K, committed 19840K, reserved 1048576K
}
Event: 554.404 GC heap after
{Heap after GC invocations=79 (full 0):
 garbage-first heap   total 155648K, used 102302K [0x0000000080000000, 0x0000000100000000)
  region size 1024K, 1 young (1024K), 1 survivors (1024K)
 Metaspace       used 142558K, capacity 146126K, committed 146304K, reserved 1175552K
  class space    used 18482K, capacity 19784K, committed 19840K, reserved 1048576K
}
Event: 555.395 GC heap before
{Heap before GC invocations=79 (full 0):
 garbage-first heap   total 155648K, used 127902K [0x0000000080000000, 0x0000000100000000)
  region size 1024K, 27 young (27648K), 1 survivors (1024K)
 Metaspace       used 146391K, capacity 150057K, committed 150272K, reserved 1179648K
  class space    used 19129K, capacity 20458K, committed 20480K, reserved 1048576K
}
Event: 555.407 GC heap after
{Heap after GC invocations=80 (full 0):
 garbage-first heap   total 155648K, used 103725K [0x0000000080000000, 0x0000000100000000)
  region size 1024K, 2 young (2048K), 2 survivors (2048K)
 Metaspace       used 146391K, capacity 150057K, committed 150272K, reserved 1179648K
  class space    used 19129K, capacity 20458K, committed 20480K, reserved 1048576K
}
Event: 557.370 GC heap before
{Heap before GC invocations=81 (full 0):
 garbage-first heap   total 155648K, used 130349K [0x0000000080000000, 0x0000000100000000)
  region size 1024K, 28 young (28672K), 2 survivors (2048K)
 Metaspace       used 149559K, capacity 153258K, committed 153344K, reserved 1181696K
  class space    used 19608K, capacity 20936K, committed 20992K, reserved 1048576K
}
Event: 557.380 GC heap after
{Heap after GC invocations=82 (full 0):
 garbage-first heap   total 155648K, used 105240K [0x0000000080000000, 0x0000000100000000)
  region size 1024K, 4 young (4096K), 4 survivors (4096K)
 Metaspace       used 149559K, capacity 153258K, committed 153344K, reserved 1181696K
  class space    used 19608K, capacity 20936K, committed 20992K, reserved 1048576K
}
Event: 557.961 GC heap before
{Heap before GC invocations=82 (full 0):
 garbage-first heap   total 155648K, used 130840K [0x0000000080000000, 0x0000000100000000)
  region size 1024K, 29 young (29696K), 4 survivors (4096K)
 Metaspace       used 150995K, capacity 154647K, committed 154880K, reserved 1183744K
  class space    used 19778K, capacity 21136K, committed 21248K, reserved 1048576K
}
Event: 557.974 GC heap after
{Heap after GC invocations=83 (full 0):
 garbage-first heap   total 155648K, used 107333K [0x0000000080000000, 0x0000000100000000)
  region size 1024K, 4 young (4096K), 4 survivors (4096K)
 Metaspace       used 150995K, capacity 154647K, committed 154880K, reserved 1183744K
  class space    used 19778K, capacity 21136K, committed 21248K, reserved 1048576K
}

