# JRE version: OpenJDK Runtime Environment (11.0.10) (build 11.0.10+0-b96-7249189)
# Java VM: OpenJDK 64-Bit Server VM (11.0.10+0-b96-7249189, mixed mode, tiered, compressed oops, g1 gc, windows-amd64)
Heap:
 garbage-first heap   total 155648K, used 83899K [0x0000000080000000, 0x0000000100000000)
  region size 1024K, 4 young (4096K), 4 survivors (4096K)
 Metaspace       used 99373K, capacity 102002K, committed 102092K, reserved 1146880K
  class space    used 12949K, capacity 13963K, committed 14028K, reserved 1048576K
GC Heap History (20 events):
Event: 16.008 GC heap before
{Heap before GC invocations=14 (full 0):
 garbage-first heap   total 129024K, used 91134K [0x0000000080000000, 0x0000000100000000)
  region size 1024K, 47 young (48128K), 3 survivors (3072K)
 Metaspace       used 62576K, capacity 64073K, committed 64460K, reserved 1105920K
  class space    used 7948K, capacity 8520K, committed 8652K, reserved 1048576K
}
Event: 16.022 GC heap after
{Heap after GC invocations=15 (full 0):
 garbage-first heap   total 155648K, used 50405K [0x0000000080000000, 0x0000000100000000)
  region size 1024K, 6 young (6144K), 6 survivors (6144K)
 Metaspace       used 62576K, capacity 64073K, committed 64460K, reserved 1105920K
  class space    used 7948K, capacity 8520K, committed 8652K, reserved 1048576K
}
Event: 17.448 GC heap before
{Heap before GC invocations=16 (full 0):
 garbage-first heap   total 155648K, used 105701K [0x0000000080000000, 0x0000000100000000)
  region size 1024K, 60 young (61440K), 6 survivors (6144K)
 Metaspace       used 66965K, capacity 68581K, committed 68684K, reserved 1107968K
  class space    used 8677K, capacity 9252K, committed 9292K, reserved 1048576K
}
Event: 17.458 GC heap after
{Heap after GC invocations=17 (full 0):
 garbage-first heap   total 155648K, used 54362K [0x0000000080000000, 0x0000000100000000)
  region size 1024K, 5 young (5120K), 5 survivors (5120K)
 Metaspace       used 66965K, capacity 68581K, committed 68684K, reserved 1107968K
  class space    used 8677K, capacity 9252K, committed 9292K, reserved 1048576K
}
Event: 19.511 GC heap before
{Heap before GC invocations=17 (full 0):
 garbage-first heap   total 155648K, used 109658K [0x0000000080000000, 0x0000000100000000)
  region size 1024K, 59 young (60416K), 5 survivors (5120K)
 Metaspace       used 71868K, capacity 73559K, committed 73804K, reserved 1114112K
  class space    used 9354K, capacity 9953K, committed 10060K, reserved 1048576K
}
Event: 19.521 GC heap after
{Heap after GC invocations=18 (full 0):
 garbage-first heap   total 155648K, used 57961K [0x0000000080000000, 0x0000000100000000)
  region size 1024K, 4 young (4096K), 4 survivors (4096K)
 Metaspace       used 71868K, capacity 73559K, committed 73804K, reserved 1114112K
  class space    used 9354K, capacity 9953K, committed 10060K, reserved 1048576K
}
Event: 22.200 GC heap before
{Heap before GC invocations=18 (full 0):
 garbage-first heap   total 155648K, used 113257K [0x0000000080000000, 0x0000000100000000)
  region size 1024K, 58 young (59392K), 4 survivors (4096K)
 Metaspace       used 77909K, capacity 79968K, committed 80204K, reserved 1118208K
  class space    used 10248K, capacity 11018K, committed 11084K, reserved 1048576K
}
Event: 22.211 GC heap after
{Heap after GC invocations=19 (full 0):
 garbage-first heap   total 155648K, used 61406K [0x0000000080000000, 0x0000000100000000)
  region size 1024K, 8 young (8192K), 8 survivors (8192K)
 Metaspace       used 77909K, capacity 79968K, committed 80204K, reserved 1118208K
  class space    used 10248K, capacity 11018K, committed 11084K, reserved 1048576K
}
Event: 23.400 GC heap before
{Heap before GC invocations=19 (full 0):
 garbage-first heap   total 155648K, used 115678K [0x0000000080000000, 0x0000000100000000)
  region size 1024K, 62 young (63488K), 8 survivors (8192K)
 Metaspace       used 78901K, capacity 80974K, committed 81100K, reserved 1120256K
  class space    used 10321K, capacity 11092K, committed 11212K, reserved 1048576K
}
Event: 23.416 GC heap after
{Heap after GC invocations=20 (full 0):
 garbage-first heap   total 155648K, used 64584K [0x0000000080000000, 0x0000000100000000)
  region size 1024K, 7 young (7168K), 7 survivors (7168K)
 Metaspace       used 78901K, capacity 80974K, committed 81100K, reserved 1120256K
  class space    used 10321K, capacity 11092K, committed 11212K, reserved 1048576K
}
Event: 310.928 GC heap before
{Heap before GC invocations=20 (full 0):
 garbage-first heap   total 155648K, used 118856K [0x0000000080000000, 0x0000000100000000)
  region size 1024K, 61 young (62464K), 7 survivors (7168K)
 Metaspace       used 80304K, capacity 82473K, committed 82636K, reserved 1120256K
  class space    used 10449K, capacity 11209K, committed 11212K, reserved 1048576K
}
Event: 310.937 GC heap after
{Heap after GC invocations=21 (full 0):
 garbage-first heap   total 155648K, used 66948K [0x0000000080000000, 0x0000000100000000)
  region size 1024K, 6 young (6144K), 6 survivors (6144K)
 Metaspace       used 80304K, capacity 82473K, committed 82636K, reserved 1120256K
  class space    used 10449K, capacity 11209K, committed 11212K, reserved 1048576K
}
Event: 434.979 GC heap before
{Heap before GC invocations=21 (full 0):
 garbage-first heap   total 155648K, used 121220K [0x0000000080000000, 0x0000000100000000)
  region size 1024K, 60 young (61440K), 6 survivors (6144K)
 Metaspace       used 82551K, capacity 84837K, committed 85068K, reserved 1122304K
  class space    used 10631K, capacity 11461K, committed 11596K, reserved 1048576K
}
Event: 434.993 GC heap after
{Heap after GC invocations=22 (full 0):
 garbage-first heap   total 155648K, used 72704K [0x0000000080000000, 0x0000000100000000)
  region size 1024K, 8 young (8192K), 8 survivors (8192K)
 Metaspace       used 82551K, capacity 84837K, committed 85068K, reserved 1122304K
  class space    used 10631K, capacity 11461K, committed 11596K, reserved 1048576K
}
Event: 436.896 GC heap before
{Heap before GC invocations=22 (full 0):
 garbage-first heap   total 155648K, used 124928K [0x0000000080000000, 0x0000000100000000)
  region size 1024K, 58 young (59392K), 8 survivors (8192K)
 Metaspace       used 89286K, capacity 91568K, committed 91724K, reserved 1128448K
  class space    used 11461K, capacity 12337K, committed 12364K, reserved 1048576K
}
Event: 436.916 GC heap after
{Heap after GC invocations=23 (full 0):
 garbage-first heap   total 155648K, used 83025K [0x0000000080000000, 0x0000000100000000)
  region size 1024K, 8 young (8192K), 8 survivors (8192K)
 Metaspace       used 89286K, capacity 91568K, committed 91724K, reserved 1128448K
  class space    used 11461K, capacity 12337K, committed 12364K, reserved 1048576K
}
Event: 439.098 GC heap before
{Heap before GC invocations=23 (full 0):
 garbage-first heap   total 155648K, used 122961K [0x0000000080000000, 0x0000000100000000)
  region size 1024K, 48 young (49152K), 8 survivors (8192K)
 Metaspace       used 96275K, capacity 98814K, committed 99020K, reserved 1134592K
  class space    used 12453K, capacity 13395K, committed 13516K, reserved 1048576K
}
Event: 439.116 GC heap after
{Heap after GC invocations=24 (full 0):
 garbage-first heap   total 155648K, used 83825K [0x0000000080000000, 0x0000000100000000)
  region size 1024K, 4 young (4096K), 4 survivors (4096K)
 Metaspace       used 96275K, capacity 98814K, committed 99020K, reserved 1134592K
  class space    used 12453K, capacity 13395K, committed 13516K, reserved 1048576K
}
Event: 439.713 GC heap before
{Heap before GC invocations=25 (full 0):
 garbage-first heap   total 155648K, used 103281K [0x0000000080000000, 0x0000000100000000)
  region size 1024K, 24 young (24576K), 4 survivors (4096K)
 Metaspace       used 99373K, capacity 102002K, committed 102092K, reserved 1144832K
  class space    used 12949K, capacity 13963K, committed 14028K, reserved 1048576K
}
Event: 439.721 GC heap after
{Heap after GC invocations=26 (full 0):
 garbage-first heap   total 155648K, used 83899K [0x0000000080000000, 0x0000000100000000)
  region size 1024K, 4 young (4096K), 4 survivors (4096K)
 Metaspace       used 99373K, capacity 102002K, committed 102092K, reserved 1144832K
  class space    used 12949K, capacity 13963K, committed 14028K, reserved 1048576K
}

