# JRE version: OpenJDK Runtime Environment (11.0.10) (build 11.0.10+0-b96-7249189)
# Java VM: OpenJDK 64-Bit Server VM (11.0.10+0-b96-7249189, mixed mode, tiered, compressed oops, g1 gc, windows-amd64)
Heap:
 garbage-first heap   total 458752K, used 240406K [0x0000000080000000, 0x0000000100000000)
  region size 1024K, 87 young (89088K), 7 survivors (7168K)
 Metaspace       used 193723K, capacity 198842K, committed 199116K, reserved 1220608K
  class space    used 25118K, capacity 27013K, committed 27084K, reserved 1048576K
GC Heap History (20 events):
Event: 9691.357 GC heap before
{Heap before GC invocations=131 (full 0):
 garbage-first heap   total 458752K, used 187950K [0x0000000080000000, 0x0000000100000000)
  region size 1024K, 27 young (27648K), 2 survivors (2048K)
 Metaspace       used 172351K, capacity 177002K, committed 177228K, reserved 1202176K
  class space    used 22215K, capacity 23938K, committed 24140K, reserved 1048576K
}
Event: 9691.370 GC heap after
{Heap after GC invocations=132 (full 0):
 garbage-first heap   total 458752K, used 165661K [0x0000000080000000, 0x0000000100000000)
  region size 1024K, 4 young (4096K), 4 survivors (4096K)
 Metaspace       used 172351K, capacity 177002K, committed 177228K, reserved 1202176K
  class space    used 22215K, capacity 23938K, committed 24140K, reserved 1048576K
}
Event: 9692.562 GC heap before
{Heap before GC invocations=133 (full 0):
 garbage-first heap   total 458752K, used 357149K [0x0000000080000000, 0x0000000100000000)
  region size 1024K, 191 young (195584K), 4 survivors (4096K)
 Metaspace       used 172416K, capacity 177079K, committed 177484K, reserved 1202176K
  class space    used 22216K, capacity 23940K, committed 24140K, reserved 1048576K
}
Event: 9692.578 GC heap after
{Heap after GC invocations=134 (full 0):
 garbage-first heap   total 458752K, used 165757K [0x0000000080000000, 0x0000000100000000)
  region size 1024K, 4 young (4096K), 4 survivors (4096K)
 Metaspace       used 172416K, capacity 177079K, committed 177484K, reserved 1202176K
  class space    used 22216K, capacity 23940K, committed 24140K, reserved 1048576K
}
Event: 9692.670 GC heap before
{Heap before GC invocations=134 (full 0):
 garbage-first heap   total 458752K, used 183165K [0x0000000080000000, 0x0000000100000000)
  region size 1024K, 22 young (22528K), 4 survivors (4096K)
 Metaspace       used 172424K, capacity 177145K, committed 177484K, reserved 1202176K
  class space    used 22216K, capacity 23940K, committed 24140K, reserved 1048576K
}
Event: 9692.681 GC heap after
{Heap after GC invocations=135 (full 0):
 garbage-first heap   total 458752K, used 158538K [0x0000000080000000, 0x0000000100000000)
  region size 1024K, 2 young (2048K), 2 survivors (2048K)
 Metaspace       used 172424K, capacity 177145K, committed 177484K, reserved 1202176K
  class space    used 22216K, capacity 23940K, committed 24140K, reserved 1048576K
}
Event: 9694.868 GC heap before
{Heap before GC invocations=135 (full 0):
 garbage-first heap   total 458752K, used 363338K [0x0000000080000000, 0x0000000100000000)
  region size 1024K, 202 young (206848K), 2 survivors (2048K)
 Metaspace       used 172434K, capacity 177148K, committed 177484K, reserved 1202176K
  class space    used 22217K, capacity 23941K, committed 24140K, reserved 1048576K
}
Event: 9694.916 GC heap after
{Heap after GC invocations=136 (full 0):
 garbage-first heap   total 458752K, used 162724K [0x0000000080000000, 0x0000000100000000)
  region size 1024K, 6 young (6144K), 6 survivors (6144K)
 Metaspace       used 172434K, capacity 177148K, committed 177484K, reserved 1202176K
  class space    used 22217K, capacity 23941K, committed 24140K, reserved 1048576K
}
Event: 9697.019 GC heap before
{Heap before GC invocations=137 (full 0):
 garbage-first heap   total 458752K, used 367524K [0x0000000080000000, 0x0000000100000000)
  region size 1024K, 209 young (214016K), 6 survivors (6144K)
 Metaspace       used 172440K, capacity 177156K, committed 177484K, reserved 1202176K
  class space    used 22218K, capacity 23944K, committed 24140K, reserved 1048576K
}
Event: 9697.029 GC heap after
{Heap after GC invocations=138 (full 0):
 garbage-first heap   total 458752K, used 158535K [0x0000000080000000, 0x0000000100000000)
  region size 1024K, 5 young (5120K), 5 survivors (5120K)
 Metaspace       used 172440K, capacity 177156K, committed 177484K, reserved 1202176K
  class space    used 22218K, capacity 23944K, committed 24140K, reserved 1048576K
}
Event: 9697.226 GC heap before
{Heap before GC invocations=138 (full 0):
 garbage-first heap   total 458752K, used 175943K [0x0000000080000000, 0x0000000100000000)
  region size 1024K, 22 young (22528K), 5 survivors (5120K)
 Metaspace       used 172442K, capacity 177156K, committed 177484K, reserved 1202176K
  class space    used 22218K, capacity 23944K, committed 24140K, reserved 1048576K
}
Event: 9697.233 GC heap after
{Heap after GC invocations=139 (full 0):
 garbage-first heap   total 458752K, used 151873K [0x0000000080000000, 0x0000000100000000)
  region size 1024K, 2 young (2048K), 2 survivors (2048K)
 Metaspace       used 172442K, capacity 177156K, committed 177484K, reserved 1202176K
  class space    used 22218K, capacity 23944K, committed 24140K, reserved 1048576K
}
Event: 9698.345 GC heap before
{Heap before GC invocations=139 (full 0):
 garbage-first heap   total 458752K, used 245057K [0x0000000080000000, 0x0000000100000000)
  region size 1024K, 94 young (96256K), 2 survivors (2048K)
 Metaspace       used 172639K, capacity 177334K, committed 177740K, reserved 1202176K
  class space    used 22239K, capacity 23980K, committed 24140K, reserved 1048576K
}
Event: 9698.352 GC heap after
{Heap after GC invocations=140 (full 0):
 garbage-first heap   total 458752K, used 151062K [0x0000000080000000, 0x0000000100000000)
  region size 1024K, 1 young (1024K), 1 survivors (1024K)
 Metaspace       used 172639K, capacity 177334K, committed 177740K, reserved 1202176K
  class space    used 22239K, capacity 23980K, committed 24140K, reserved 1048576K
}
Event: 9703.261 GC heap before
{Heap before GC invocations=141 (full 0):
 garbage-first heap   total 458752K, used 391702K [0x0000000080000000, 0x0000000100000000)
  region size 1024K, 225 young (230400K), 1 survivors (1024K)
 Metaspace       used 175048K, capacity 179796K, committed 180044K, reserved 1204224K
  class space    used 22494K, capacity 24260K, committed 24396K, reserved 1048576K
}
Event: 9703.275 GC heap after
{Heap after GC invocations=142 (full 0):
 garbage-first heap   total 458752K, used 155608K [0x0000000080000000, 0x0000000100000000)
  region size 1024K, 5 young (5120K), 5 survivors (5120K)
 Metaspace       used 175048K, capacity 179796K, committed 180044K, reserved 1204224K
  class space    used 22494K, capacity 24260K, committed 24396K, reserved 1048576K
}
Event: 9739.998 GC heap before
{Heap before GC invocations=142 (full 0):
 garbage-first heap   total 458752K, used 181208K [0x0000000080000000, 0x0000000100000000)
  region size 1024K, 22 young (22528K), 5 survivors (5120K)
 Metaspace       used 175875K, capacity 180753K, committed 180940K, reserved 1206272K
  class space    used 22597K, capacity 24384K, committed 24524K, reserved 1048576K
}
Event: 9740.024 GC heap after
{Heap after GC invocations=143 (full 0):
 garbage-first heap   total 458752K, used 155068K [0x0000000080000000, 0x0000000100000000)
  region size 1024K, 3 young (3072K), 3 survivors (3072K)
 Metaspace       used 175875K, capacity 180753K, committed 180940K, reserved 1206272K
  class space    used 22597K, capacity 24384K, committed 24524K, reserved 1048576K
}
Event: 9745.055 GC heap before
{Heap before GC invocations=143 (full 0):
 garbage-first heap   total 458752K, used 233916K [0x0000000080000000, 0x0000000100000000)
  region size 1024K, 82 young (83968K), 3 survivors (3072K)
 Metaspace       used 184812K, capacity 189845K, committed 189900K, reserved 1214464K
  class space    used 23710K, capacity 25534K, committed 25548K, reserved 1048576K
}
Event: 9745.089 GC heap after
{Heap after GC invocations=144 (full 0):
 garbage-first heap   total 458752K, used 159510K [0x0000000080000000, 0x0000000100000000)
  region size 1024K, 7 young (7168K), 7 survivors (7168K)
 Metaspace       used 184812K, capacity 189845K, committed 189900K, reserved 1214464K
  class space    used 23710K, capacity 25534K, committed 25548K, reserved 1048576K
}

