# JRE version: OpenJDK Runtime Environment (11.0.10) (build 11.0.10+0-b96-7249189)
# Java VM: OpenJDK 64-Bit Server VM (11.0.10+0-b96-7249189, mixed mode, tiered, compressed oops, g1 gc, windows-amd64)
Heap:
 garbage-first heap   total 331776K, used 146995K [0x0000000080000000, 0x0000000100000000)
  region size 1024K, 2 young (2048K), 2 survivors (2048K)
 Metaspace       used 124060K, capacity 127846K, committed 128128K, reserved 1161216K
  class space    used 15841K, capacity 17209K, committed 17280K, reserved 1048576K
GC Heap History (20 events):
Event: 1172.931 GC heap after
{Heap after GC invocations=55 (full 0):
 garbage-first heap   total 187392K, used 115657K [0x0000000080000000, 0x0000000100000000)
  region size 1024K, 6 young (6144K), 6 survivors (6144K)
 Metaspace       used 114759K, capacity 118021K, committed 118272K, reserved 1153024K
  class space    used 14432K, capacity 15572K, committed 15616K, reserved 1048576K
}
Event: 1172.969 GC heap before
{Heap before GC invocations=55 (full 0):
 garbage-first heap   total 187392K, used 118729K [0x0000000080000000, 0x0000000100000000)
  region size 1024K, 9 young (9216K), 6 survivors (6144K)
 Metaspace       used 114859K, capacity 118151K, committed 118272K, reserved 1153024K
  class space    used 14451K, capacity 15615K, committed 15616K, reserved 1048576K
}
Event: 1172.982 GC heap after
{Heap after GC invocations=56 (full 0):
 garbage-first heap   total 187392K, used 114911K [0x0000000080000000, 0x0000000100000000)
  region size 1024K, 1 young (1024K), 1 survivors (1024K)
 Metaspace       used 114859K, capacity 118151K, committed 118272K, reserved 1153024K
  class space    used 14451K, capacity 15615K, committed 15616K, reserved 1048576K
}
Event: 1173.409 GC heap before
{Heap before GC invocations=56 (full 0):
 garbage-first heap   total 187392K, used 153823K [0x0000000080000000, 0x0000000100000000)
  region size 1024K, 38 young (38912K), 1 survivors (1024K)
 Metaspace       used 116415K, capacity 119793K, committed 119936K, reserved 1153024K
  class space    used 14689K, capacity 15885K, committed 16000K, reserved 1048576K
}
Event: 1173.425 GC heap after
{Heap after GC invocations=57 (full 0):
 garbage-first heap   total 187392K, used 121966K [0x0000000080000000, 0x0000000100000000)
  region size 1024K, 5 young (5120K), 5 survivors (5120K)
 Metaspace       used 116415K, capacity 119793K, committed 119936K, reserved 1153024K
  class space    used 14689K, capacity 15885K, committed 16000K, reserved 1048576K
}
Event: 1173.991 GC heap before
{Heap before GC invocations=58 (full 0):
 garbage-first heap   total 187392K, used 152686K [0x0000000080000000, 0x0000000100000000)
  region size 1024K, 36 young (36864K), 5 survivors (5120K)
 Metaspace       used 118113K, capacity 121553K, committed 121728K, reserved 1155072K
  class space    used 14923K, capacity 16164K, committed 16256K, reserved 1048576K
}
Event: 1174.010 GC heap after
{Heap after GC invocations=59 (full 0):
 garbage-first heap   total 187392K, used 127630K [0x0000000080000000, 0x0000000100000000)
  region size 1024K, 5 young (5120K), 5 survivors (5120K)
 Metaspace       used 118113K, capacity 121553K, committed 121728K, reserved 1155072K
  class space    used 14923K, capacity 16164K, committed 16256K, reserved 1048576K
}
Event: 1174.070 GC heap before
{Heap before GC invocations=59 (full 0):
 garbage-first heap   total 187392K, used 131726K [0x0000000080000000, 0x0000000100000000)
  region size 1024K, 9 young (9216K), 5 survivors (5120K)
 Metaspace       used 118309K, capacity 121732K, committed 121984K, reserved 1155072K
  class space    used 14959K, capacity 16202K, committed 16256K, reserved 1048576K
}
Event: 1174.088 GC heap after
{Heap after GC invocations=60 (full 0):
 garbage-first heap   total 187392K, used 127806K [0x0000000080000000, 0x0000000100000000)
  region size 1024K, 2 young (2048K), 2 survivors (2048K)
 Metaspace       used 118309K, capacity 121732K, committed 121984K, reserved 1155072K
  class space    used 14959K, capacity 16202K, committed 16256K, reserved 1048576K
}
Event: 1174.474 GC heap before
{Heap before GC invocations=60 (full 0):
 garbage-first heap   total 187392K, used 153406K [0x0000000080000000, 0x0000000100000000)
  region size 1024K, 28 young (28672K), 2 survivors (2048K)
 Metaspace       used 120288K, capacity 123848K, committed 123904K, reserved 1157120K
  class space    used 15320K, capacity 16593K, committed 16640K, reserved 1048576K
}
Event: 1174.490 GC heap after
{Heap after GC invocations=61 (full 0):
 garbage-first heap   total 187392K, used 131810K [0x0000000080000000, 0x0000000100000000)
  region size 1024K, 4 young (4096K), 4 survivors (4096K)
 Metaspace       used 120288K, capacity 123848K, committed 123904K, reserved 1157120K
  class space    used 15320K, capacity 16593K, committed 16640K, reserved 1048576K
}
Event: 1174.849 GC heap before
{Heap before GC invocations=61 (full 0):
 garbage-first heap   total 187392K, used 156386K [0x0000000080000000, 0x0000000100000000)
  region size 1024K, 28 young (28672K), 4 survivors (4096K)
 Metaspace       used 121516K, capacity 125138K, committed 125440K, reserved 1157120K
  class space    used 15511K, capacity 16828K, committed 16896K, reserved 1048576K
}
Event: 1174.867 GC heap after
{Heap after GC invocations=62 (full 0):
 garbage-first heap   total 225280K, used 134674K [0x0000000080000000, 0x0000000100000000)
  region size 1024K, 3 young (3072K), 3 survivors (3072K)
 Metaspace       used 121516K, capacity 125138K, committed 125440K, reserved 1157120K
  class space    used 15511K, capacity 16828K, committed 16896K, reserved 1048576K
}
Event: 1175.662 GC heap before
{Heap before GC invocations=62 (full 0):
 garbage-first heap   total 225280K, used 172562K [0x0000000080000000, 0x0000000100000000)
  region size 1024K, 40 young (40960K), 3 survivors (3072K)
 Metaspace       used 123073K, capacity 126775K, committed 126976K, reserved 1159168K
  class space    used 15733K, capacity 17093K, committed 17152K, reserved 1048576K
}
Event: 1175.681 GC heap after
{Heap after GC invocations=63 (full 0):
 garbage-first heap   total 225280K, used 138217K [0x0000000080000000, 0x0000000100000000)
  region size 1024K, 5 young (5120K), 5 survivors (5120K)
 Metaspace       used 123073K, capacity 126775K, committed 126976K, reserved 1159168K
  class space    used 15733K, capacity 17093K, committed 17152K, reserved 1048576K
}
Event: 1176.140 GC heap before
{Heap before GC invocations=63 (full 0):
 garbage-first heap   total 225280K, used 177129K [0x0000000080000000, 0x0000000100000000)
  region size 1024K, 43 young (44032K), 5 survivors (5120K)
 Metaspace       used 123712K, capacity 127500K, committed 127616K, reserved 1159168K
  class space    used 15835K, capacity 17204K, committed 17280K, reserved 1048576K
}
Event: 1176.158 GC heap after
{Heap after GC invocations=64 (full 0):
 garbage-first heap   total 225280K, used 142489K [0x0000000080000000, 0x0000000100000000)
  region size 1024K, 6 young (6144K), 6 survivors (6144K)
 Metaspace       used 123712K, capacity 127500K, committed 127616K, reserved 1159168K
  class space    used 15835K, capacity 17204K, committed 17280K, reserved 1048576K
}
Event: 1176.436 GC heap before
{Heap before GC invocations=64 (full 0):
 garbage-first heap   total 225280K, used 180377K [0x0000000080000000, 0x0000000100000000)
  region size 1024K, 43 young (44032K), 6 survivors (6144K)
 Metaspace       used 123859K, capacity 127651K, committed 127872K, reserved 1159168K
  class space    used 15838K, capacity 17209K, committed 17280K, reserved 1048576K
}
Event: 1176.500 GC heap after
{Heap after GC invocations=65 (full 0):
 garbage-first heap   total 225280K, used 146327K [0x0000000080000000, 0x0000000100000000)
  region size 1024K, 4 young (4096K), 4 survivors (4096K)
 Metaspace       used 123859K, capacity 127651K, committed 127872K, reserved 1159168K
  class space    used 15838K, capacity 17209K, committed 17280K, reserved 1048576K
}
Event: 1176.966 GC heap before
{Heap before GC invocations=65 (full 0):
 garbage-first heap   total 225280K, used 183191K [0x0000000080000000, 0x0000000100000000)
  region size 1024K, 40 young (40960K), 4 survivors (4096K)
 Metaspace       used 124060K, capacity 127846K, committed 128128K, reserved 1161216K
  class space    used 15841K, capacity 17209K, committed 17280K, reserved 1048576K
}

