# JRE version: OpenJDK Runtime Environment (11.0.10) (build 11.0.10+0-b96-7249189)
# Java VM: OpenJDK 64-Bit Server VM (11.0.10+0-b96-7249189, mixed mode, tiered, compressed oops, g1 gc, windows-amd64)
Heap:
 garbage-first heap   total 187392K, used 136391K [0x0000000080000000, 0x0000000100000000)
  region size 1024K, 55 young (56320K), 2 survivors (2048K)
 Metaspace       used 106170K, capacity 109064K, committed 109100K, reserved 1142784K
  class space    used 14038K, capacity 15160K, committed 15180K, reserved 1048576K
GC Heap History (20 events):
Event: 9.595 GC heap before
{Heap before GC invocations=14 (full 0):
 garbage-first heap   total 155648K, used 104583K [0x0000000080000000, 0x0000000100000000)
  region size 1024K, 61 young (62464K), 4 survivors (4096K)
 Metaspace       used 63149K, capacity 64630K, committed 64716K, reserved 1105920K
  class space    used 8034K, capacity 8597K, committed 8652K, reserved 1048576K
}
Event: 9.603 GC heap after
{Heap after GC invocations=15 (full 0):
 garbage-first heap   total 155648K, used 50487K [0x0000000080000000, 0x0000000100000000)
  region size 1024K, 8 young (8192K), 8 survivors (8192K)
 Metaspace       used 63149K, capacity 64630K, committed 64716K, reserved 1105920K
  class space    used 8034K, capacity 8597K, committed 8652K, reserved 1048576K
}
Event: 10.702 GC heap before
{Heap before GC invocations=15 (full 0):
 garbage-first heap   total 155648K, used 108855K [0x0000000080000000, 0x0000000100000000)
  region size 1024K, 65 young (66560K), 8 survivors (8192K)
 Metaspace       used 68410K, capacity 70060K, committed 70220K, reserved 1110016K
  class space    used 8858K, capacity 9462K, committed 9548K, reserved 1048576K
}
Event: 10.711 GC heap after
{Heap after GC invocations=16 (full 0):
 garbage-first heap   total 155648K, used 54649K [0x0000000080000000, 0x0000000100000000)
  region size 1024K, 5 young (5120K), 5 survivors (5120K)
 Metaspace       used 68410K, capacity 70060K, committed 70220K, reserved 1110016K
  class space    used 8858K, capacity 9462K, committed 9548K, reserved 1048576K
}
Event: 11.787 GC heap before
{Heap before GC invocations=16 (full 0):
 garbage-first heap   total 155648K, used 111993K [0x0000000080000000, 0x0000000100000000)
  region size 1024K, 61 young (62464K), 5 survivors (5120K)
 Metaspace       used 73694K, capacity 75424K, committed 75596K, reserved 1114112K
  class space    used 9644K, capacity 10290K, committed 10316K, reserved 1048576K
}
Event: 11.793 GC heap after
{Heap after GC invocations=17 (full 0):
 garbage-first heap   total 155648K, used 57970K [0x0000000080000000, 0x0000000100000000)
  region size 1024K, 8 young (8192K), 8 survivors (8192K)
 Metaspace       used 73694K, capacity 75424K, committed 75596K, reserved 1114112K
  class space    used 9644K, capacity 10290K, committed 10316K, reserved 1048576K
}
Event: 13.037 GC heap before
{Heap before GC invocations=17 (full 0):
 garbage-first heap   total 155648K, used 115314K [0x0000000080000000, 0x0000000100000000)
  region size 1024K, 65 young (66560K), 8 survivors (8192K)
 Metaspace       used 78162K, capacity 80357K, committed 80460K, reserved 1118208K
  class space    used 10276K, capacity 11064K, committed 11084K, reserved 1048576K
}
Event: 13.052 GC heap after
{Heap after GC invocations=18 (full 0):
 garbage-first heap   total 155648K, used 62585K [0x0000000080000000, 0x0000000100000000)
  region size 1024K, 9 young (9216K), 9 survivors (9216K)
 Metaspace       used 78162K, capacity 80357K, committed 80460K, reserved 1118208K
  class space    used 10276K, capacity 11064K, committed 11084K, reserved 1048576K
}
Event: 14.305 GC heap before
{Heap before GC invocations=18 (full 0):
 garbage-first heap   total 155648K, used 118905K [0x0000000080000000, 0x0000000100000000)
  region size 1024K, 65 young (66560K), 9 survivors (9216K)
 Metaspace       used 81766K, capacity 83908K, committed 84044K, reserved 1122304K
  class space    used 10694K, capacity 11517K, committed 11596K, reserved 1048576K
}
Event: 14.315 GC heap after
{Heap after GC invocations=19 (full 0):
 garbage-first heap   total 155648K, used 65649K [0x0000000080000000, 0x0000000100000000)
  region size 1024K, 8 young (8192K), 8 survivors (8192K)
 Metaspace       used 81766K, capacity 83908K, committed 84044K, reserved 1122304K
  class space    used 10694K, capacity 11517K, committed 11596K, reserved 1048576K
}
Event: 15.981 GC heap before
{Heap before GC invocations=19 (full 0):
 garbage-first heap   total 155648K, used 122993K [0x0000000080000000, 0x0000000100000000)
  region size 1024K, 63 young (64512K), 8 survivors (8192K)
 Metaspace       used 87926K, capacity 90229K, committed 90444K, reserved 1128448K
  class space    used 11417K, capacity 12277K, committed 12364K, reserved 1048576K
}
Event: 15.998 GC heap after
{Heap after GC invocations=20 (full 0):
 garbage-first heap   total 155648K, used 75939K [0x0000000080000000, 0x0000000100000000)
  region size 1024K, 8 young (8192K), 8 survivors (8192K)
 Metaspace       used 87926K, capacity 90229K, committed 90444K, reserved 1128448K
  class space    used 11417K, capacity 12277K, committed 12364K, reserved 1048576K
}
Event: 17.269 GC heap before
{Heap before GC invocations=20 (full 0):
 garbage-first heap   total 155648K, used 120995K [0x0000000080000000, 0x0000000100000000)
  region size 1024K, 53 young (54272K), 8 survivors (8192K)
 Metaspace       used 89825K, capacity 92244K, committed 92492K, reserved 1128448K
  class space    used 11658K, capacity 12534K, committed 12620K, reserved 1048576K
}
Event: 17.284 GC heap after
{Heap after GC invocations=21 (full 0):
 garbage-first heap   total 155648K, used 79596K [0x0000000080000000, 0x0000000100000000)
  region size 1024K, 4 young (4096K), 4 survivors (4096K)
 Metaspace       used 89825K, capacity 92244K, committed 92492K, reserved 1128448K
  class space    used 11658K, capacity 12534K, committed 12620K, reserved 1048576K
}
Event: 18.939 GC heap before
{Heap before GC invocations=21 (full 0):
 garbage-first heap   total 155648K, used 117484K [0x0000000080000000, 0x0000000100000000)
  region size 1024K, 43 young (44032K), 4 survivors (4096K)
 Metaspace       used 98232K, capacity 100964K, committed 101036K, reserved 1136640K
  class space    used 12920K, capacity 13994K, committed 14028K, reserved 1048576K
}
Event: 18.954 GC heap after
{Heap after GC invocations=22 (full 0):
 garbage-first heap   total 187392K, used 80873K [0x0000000080000000, 0x0000000100000000)
  region size 1024K, 2 young (2048K), 2 survivors (2048K)
 Metaspace       used 98232K, capacity 100964K, committed 101036K, reserved 1136640K
  class space    used 12920K, capacity 13994K, committed 14028K, reserved 1048576K
}
Event: 20.410 GC heap before
{Heap before GC invocations=23 (full 0):
 garbage-first heap   total 187392K, used 138217K [0x0000000080000000, 0x0000000100000000)
  region size 1024K, 59 young (60416K), 2 survivors (2048K)
 Metaspace       used 103032K, capacity 105828K, committed 106156K, reserved 1140736K
  class space    used 13682K, capacity 14730K, committed 14796K, reserved 1048576K
}
Event: 20.415 GC heap after
{Heap after GC invocations=24 (full 0):
 garbage-first heap   total 187392K, used 82063K [0x0000000080000000, 0x0000000100000000)
  region size 1024K, 3 young (3072K), 3 survivors (3072K)
 Metaspace       used 103032K, capacity 105828K, committed 106156K, reserved 1140736K
  class space    used 13682K, capacity 14730K, committed 14796K, reserved 1048576K
}
Event: 20.541 GC heap before
{Heap before GC invocations=24 (full 0):
 garbage-first heap   total 187392K, used 88207K [0x0000000080000000, 0x0000000100000000)
  region size 1024K, 9 young (9216K), 3 survivors (3072K)
 Metaspace       used 103323K, capacity 106116K, committed 106412K, reserved 1140736K
  class space    used 13699K, capacity 14762K, committed 14796K, reserved 1048576K
}
Event: 20.548 GC heap after
{Heap after GC invocations=25 (full 0):
 garbage-first heap   total 187392K, used 81095K [0x0000000080000000, 0x0000000100000000)
  region size 1024K, 2 young (2048K), 2 survivors (2048K)
 Metaspace       used 103323K, capacity 106116K, committed 106412K, reserved 1140736K
  class space    used 13699K, capacity 14762K, committed 14796K, reserved 1048576K
}

